<?xml version="1.0" encoding="UTF-8"?>
<!-- Generated by org.testng.reporters.JUnitReportReporter -->
<testsuite hostname="DESKTOP-JC5M1H8" failures="0" tests="1" name="rahulshettyacadamy.ExtentReports1.ExtentReportDemo" time="11.133" errors="0" timestamp="2021-09-05T21:17:36 IST" skipped="0">
  <testcase classname="rahulshettyacadamy.ExtentReports1.ExtentReportDemo" name="initialDemo" time="11.133"/>
  <system-out/>
</testsuite> <!-- rahulshettyacadamy.ExtentReports1.ExtentReportDemo -->
